{
  "stats": {
    "suites": 5,
    "tests": 85,
    "passes": 57,
    "pending": 0,
    "failures": 28,
    "start": "2018-04-26T22:33:44.814Z",
    "end": "2018-04-26T22:33:45.692Z",
    "duration": 878,
    "testsRegistered": 85,
    "passPercent": 67.1,
    "pendingPercent": 0,
    "other": 0,
    "hasOther": false,
    "skipped": 0,
    "hasSkipped": false,
    "passPercentClass": "warning",
    "pendingPercentClass": "danger"
  },
  "suites": {
    "title": "",
    "suites": [
      {
        "title": "createUiDefinition.json file - ",
        "suites": [],
        "tests": [
          {
            "title": "must have a schema property",
            "fullTitle": "createUiDefinition.json file -  must have a schema property",
            "timedOut": false,
            "duration": 2,
            "state": "failed",
            "pass": false,
            "fail": true,
            "pending": false,
            "code": "createUiDefFileJSONObject.should.withMessage('$schema property is expected, and it\\'s value should be ' + expectedSchemaVal).have.property('$schema', expectedSchemaVal);",
            "err": {
              "message": "AssertionError: $schema property is expected, and it's value should be https://schema.management.azure.com/schemas/0.1.2-preview/CreateUIDefinition.MultiVm.json#: expected { Object (handler, version, ...) } to have property '$schema'",
              "estack": "AssertionError: $schema property is expected, and it's value should be https://schema.management.azure.com/schemas/0.1.2-preview/CreateUIDefinition.MultiVm.json#: expected { Object (handler, version, ...) } to have property '$schema'\n    at Context.it (test\\createUiDefTests.js:41:139)"
            },
            "isRoot": false,
            "uuid": "997cf85f-7370-428b-8f49-31a9aacbc354",
            "parentUUID": "6caab2ba-744a-4bb3-a7e7-5c6e11653a96",
            "isHook": false,
            "skipped": false
          },
          {
            "title": "handler property value should be 'Microsoft.Compute.MultiVm'",
            "fullTitle": "createUiDefinition.json file -  handler property value should be 'Microsoft.Compute.MultiVm'",
            "timedOut": false,
            "duration": 0,
            "state": "passed",
            "speed": "fast",
            "pass": true,
            "fail": false,
            "pending": false,
            "code": "createUiDefFileJSONObject.should.withMessage('handler property is expected, and it\\'s value should be \\'Microsoft.Compute.MultiVm\\'').have.property('handler', 'Microsoft.Compute.MultiVm');",
            "err": {},
            "isRoot": false,
            "uuid": "e9d95c14-105c-40d3-8db7-bf7ed8a0ff73",
            "parentUUID": "6caab2ba-744a-4bb3-a7e7-5c6e11653a96",
            "isHook": false,
            "skipped": false
          },
          {
            "title": "version property value must match schema version",
            "fullTitle": "createUiDefinition.json file -  version property value must match schema version",
            "timedOut": false,
            "duration": 0,
            "state": "failed",
            "pass": false,
            "fail": true,
            "pending": false,
            "code": "assert(typeof(createUiDefFileJSONObject.$schema) !== 'undefined', '$schema property is missing in createUiDefinition.json');\nvar createUiDefSchemaVersion = createUiDefFileJSONObject.$schema.match('schema.management.azure.com/schemas/(.*)/CreateUIDefinition')[1]\ncreateUiDefFileJSONObject.should.have.property('version', createUiDefSchemaVersion);",
            "err": {
              "message": "AssertionError: $schema property is missing in createUiDefinition.json",
              "estack": "AssertionError: $schema property is missing in createUiDefinition.json\n    at Context.it (test\\createUiDefTests.js:53:9)"
            },
            "isRoot": false,
            "uuid": "a8bff944-3572-403b-acb2-52f3eead86d9",
            "parentUUID": "6caab2ba-744a-4bb3-a7e7-5c6e11653a96",
            "isHook": false,
            "skipped": false
          },
          {
            "title": "must have parameters and outputs properties",
            "fullTitle": "createUiDefinition.json file -  must have parameters and outputs properties",
            "timedOut": false,
            "duration": 0,
            "state": "passed",
            "speed": "fast",
            "pass": true,
            "fail": false,
            "pending": false,
            "code": "createUiDefFileJSONObject.should.have.property('parameters');\ncreateUiDefFileJSONObject.parameters.should.have.property('outputs');",
            "err": {},
            "isRoot": false,
            "uuid": "b7a4efe1-4537-4aed-83a2-11d8d80d05ce",
            "parentUUID": "6caab2ba-744a-4bb3-a7e7-5c6e11653a96",
            "isHook": false,
            "skipped": false
          },
          {
            "title": "output Location must be present in mainTemplate parameters",
            "fullTitle": "createUiDefinition.json file -  output Location must be present in mainTemplate parameters",
            "timedOut": false,
            "duration": 1,
            "state": "passed",
            "speed": "fast",
            "pass": true,
            "fail": false,
            "pending": false,
            "code": "process.bind(this)(test, done);",
            "err": {},
            "isRoot": false,
            "uuid": "0e39e0c0-c21f-4a83-869c-c38de92043d0",
            "parentUUID": "6caab2ba-744a-4bb3-a7e7-5c6e11653a96",
            "isHook": false,
            "skipped": false
          },
          {
            "title": "output ClusterNamePrefix must be present in mainTemplate parameters",
            "fullTitle": "createUiDefinition.json file -  output ClusterNamePrefix must be present in mainTemplate parameters",
            "timedOut": false,
            "duration": 1,
            "state": "failed",
            "pass": false,
            "fail": true,
            "pending": false,
            "code": "process.bind(this)(test, done);",
            "err": {
              "message": "AssertionError: expected [ Array(14) ] to include 'clusternameprefix'",
              "estack": "AssertionError: expected [ Array(14) ] to include 'clusternameprefix'\n    at Context.<anonymous> (test\\createUiDefTests.js:67:37)"
            },
            "isRoot": false,
            "uuid": "bed4efc1-6d6d-46d8-9d9a-b90e3d01352b",
            "parentUUID": "6caab2ba-744a-4bb3-a7e7-5c6e11653a96",
            "isHook": false,
            "skipped": false
          },
          {
            "title": "output VmCount must be present in mainTemplate parameters",
            "fullTitle": "createUiDefinition.json file -  output VmCount must be present in mainTemplate parameters",
            "timedOut": false,
            "duration": 0,
            "state": "failed",
            "pass": false,
            "fail": true,
            "pending": false,
            "code": "process.bind(this)(test, done);",
            "err": {
              "message": "AssertionError: expected [ Array(14) ] to include 'vmcount'",
              "estack": "AssertionError: expected [ Array(14) ] to include 'vmcount'\n    at Context.<anonymous> (test\\createUiDefTests.js:67:37)"
            },
            "isRoot": false,
            "uuid": "fa138cca-5b01-4fdc-8cf7-eae5e90fe9eb",
            "parentUUID": "6caab2ba-744a-4bb3-a7e7-5c6e11653a96",
            "isHook": false,
            "skipped": false
          },
          {
            "title": "output VmSize must be present in mainTemplate parameters",
            "fullTitle": "createUiDefinition.json file -  output VmSize must be present in mainTemplate parameters",
            "timedOut": false,
            "duration": 0,
            "state": "passed",
            "speed": "fast",
            "pass": true,
            "fail": false,
            "pending": false,
            "code": "process.bind(this)(test, done);",
            "err": {},
            "isRoot": false,
            "uuid": "97d7a48d-e677-40f6-b177-1a2d9cc739f9",
            "parentUUID": "6caab2ba-744a-4bb3-a7e7-5c6e11653a96",
            "isHook": false,
            "skipped": false
          },
          {
            "title": "output AdminUserName must be present in mainTemplate parameters",
            "fullTitle": "createUiDefinition.json file -  output AdminUserName must be present in mainTemplate parameters",
            "timedOut": false,
            "duration": 1,
            "state": "passed",
            "speed": "fast",
            "pass": true,
            "fail": false,
            "pending": false,
            "code": "process.bind(this)(test, done);",
            "err": {},
            "isRoot": false,
            "uuid": "46837080-c667-48f4-8078-a6ad2dde07af",
            "parentUUID": "6caab2ba-744a-4bb3-a7e7-5c6e11653a96",
            "isHook": false,
            "skipped": false
          },
          {
            "title": "output AdminAuthType must be present in mainTemplate parameters",
            "fullTitle": "createUiDefinition.json file -  output AdminAuthType must be present in mainTemplate parameters",
            "timedOut": false,
            "duration": 0,
            "state": "failed",
            "pass": false,
            "fail": true,
            "pending": false,
            "code": "process.bind(this)(test, done);",
            "err": {
              "message": "AssertionError: expected [ Array(14) ] to include 'adminauthtype'",
              "estack": "AssertionError: expected [ Array(14) ] to include 'adminauthtype'\n    at Context.<anonymous> (test\\createUiDefTests.js:67:37)"
            },
            "isRoot": false,
            "uuid": "2e25fb06-0274-4bfa-a791-0a3264c043ed",
            "parentUUID": "6caab2ba-744a-4bb3-a7e7-5c6e11653a96",
            "isHook": false,
            "skipped": false
          },
          {
            "title": "output AdminCredential must be present in mainTemplate parameters",
            "fullTitle": "createUiDefinition.json file -  output AdminCredential must be present in mainTemplate parameters",
            "timedOut": false,
            "duration": 0,
            "state": "failed",
            "pass": false,
            "fail": true,
            "pending": false,
            "code": "process.bind(this)(test, done);",
            "err": {
              "message": "AssertionError: expected [ Array(14) ] to include 'admincredential'",
              "estack": "AssertionError: expected [ Array(14) ] to include 'admincredential'\n    at Context.<anonymous> (test\\createUiDefTests.js:67:37)"
            },
            "isRoot": false,
            "uuid": "73887978-ae4f-4a6f-a15d-b55e4b9dba16",
            "parentUUID": "6caab2ba-744a-4bb3-a7e7-5c6e11653a96",
            "isHook": false,
            "skipped": false
          },
          {
            "title": "output VNetNewOrExisting must be present in mainTemplate parameters",
            "fullTitle": "createUiDefinition.json file -  output VNetNewOrExisting must be present in mainTemplate parameters",
            "timedOut": false,
            "duration": 0,
            "state": "passed",
            "speed": "fast",
            "pass": true,
            "fail": false,
            "pending": false,
            "code": "process.bind(this)(test, done);",
            "err": {},
            "isRoot": false,
            "uuid": "58e228b0-4464-4f56-86ca-278bae44e7f6",
            "parentUUID": "6caab2ba-744a-4bb3-a7e7-5c6e11653a96",
            "isHook": false,
            "skipped": false
          },
          {
            "title": "output VNetName must be present in mainTemplate parameters",
            "fullTitle": "createUiDefinition.json file -  output VNetName must be present in mainTemplate parameters",
            "timedOut": false,
            "duration": 0,
            "state": "passed",
            "speed": "fast",
            "pass": true,
            "fail": false,
            "pending": false,
            "code": "process.bind(this)(test, done);",
            "err": {},
            "isRoot": false,
            "uuid": "da0a2f8b-79c0-4c29-a80f-033a98877ef9",
            "parentUUID": "6caab2ba-744a-4bb3-a7e7-5c6e11653a96",
            "isHook": false,
            "skipped": false
          },
          {
            "title": "output VNetResourceGroup must be present in mainTemplate parameters",
            "fullTitle": "createUiDefinition.json file -  output VNetResourceGroup must be present in mainTemplate parameters",
            "timedOut": false,
            "duration": 0,
            "state": "failed",
            "pass": false,
            "fail": true,
            "pending": false,
            "code": "process.bind(this)(test, done);",
            "err": {
              "message": "AssertionError: expected [ Array(14) ] to include 'vnetresourcegroup'",
              "estack": "AssertionError: expected [ Array(14) ] to include 'vnetresourcegroup'\n    at Context.<anonymous> (test\\createUiDefTests.js:67:37)"
            },
            "isRoot": false,
            "uuid": "86657351-3c65-42ed-82cc-16e1516beaff",
            "parentUUID": "6caab2ba-744a-4bb3-a7e7-5c6e11653a96",
            "isHook": false,
            "skipped": false
          },
          {
            "title": "output VNetAddressPrefix must be present in mainTemplate parameters",
            "fullTitle": "createUiDefinition.json file -  output VNetAddressPrefix must be present in mainTemplate parameters",
            "timedOut": false,
            "duration": 0,
            "state": "passed",
            "speed": "fast",
            "pass": true,
            "fail": false,
            "pending": false,
            "code": "process.bind(this)(test, done);",
            "err": {},
            "isRoot": false,
            "uuid": "b24310cf-bd1f-4d6d-92db-567b93d76c03",
            "parentUUID": "6caab2ba-744a-4bb3-a7e7-5c6e11653a96",
            "isHook": false,
            "skipped": false
          },
          {
            "title": "output SubnetName must be present in mainTemplate parameters",
            "fullTitle": "createUiDefinition.json file -  output SubnetName must be present in mainTemplate parameters",
            "timedOut": false,
            "duration": 1,
            "state": "passed",
            "speed": "fast",
            "pass": true,
            "fail": false,
            "pending": false,
            "code": "process.bind(this)(test, done);",
            "err": {},
            "isRoot": false,
            "uuid": "706ed06b-1adb-4c8d-b856-42b7446f3433",
            "parentUUID": "6caab2ba-744a-4bb3-a7e7-5c6e11653a96",
            "isHook": false,
            "skipped": false
          },
          {
            "title": "output SubnetAddressPrefix must be present in mainTemplate parameters",
            "fullTitle": "createUiDefinition.json file -  output SubnetAddressPrefix must be present in mainTemplate parameters",
            "timedOut": false,
            "duration": 1,
            "state": "passed",
            "speed": "fast",
            "pass": true,
            "fail": false,
            "pending": false,
            "code": "process.bind(this)(test, done);",
            "err": {},
            "isRoot": false,
            "uuid": "31b96996-e4e4-4adb-a8e8-ef2945dc6d73",
            "parentUUID": "6caab2ba-744a-4bb3-a7e7-5c6e11653a96",
            "isHook": false,
            "skipped": false
          },
          {
            "title": "output SubnetStartAddress must be present in mainTemplate parameters",
            "fullTitle": "createUiDefinition.json file -  output SubnetStartAddress must be present in mainTemplate parameters",
            "timedOut": false,
            "duration": 1,
            "state": "failed",
            "pass": false,
            "fail": true,
            "pending": false,
            "code": "process.bind(this)(test, done);",
            "err": {
              "message": "AssertionError: expected [ Array(14) ] to include 'subnetstartaddress'",
              "estack": "AssertionError: expected [ Array(14) ] to include 'subnetstartaddress'\n    at Context.<anonymous> (test\\createUiDefTests.js:67:37)"
            },
            "isRoot": false,
            "uuid": "57ef707c-98d0-48fc-985f-873e5717e1d8",
            "parentUUID": "6caab2ba-744a-4bb3-a7e7-5c6e11653a96",
            "isHook": false,
            "skipped": false
          },
          {
            "title": "output PublicIPNewExistingOrNone must be present in mainTemplate parameters",
            "fullTitle": "createUiDefinition.json file -  output PublicIPNewExistingOrNone must be present in mainTemplate parameters",
            "timedOut": false,
            "duration": 2,
            "state": "failed",
            "pass": false,
            "fail": true,
            "pending": false,
            "code": "process.bind(this)(test, done);",
            "err": {
              "message": "AssertionError: expected [ Array(14) ] to include 'publicipnewexistingornone'",
              "estack": "AssertionError: expected [ Array(14) ] to include 'publicipnewexistingornone'\n    at Context.<anonymous> (test\\createUiDefTests.js:67:37)"
            },
            "isRoot": false,
            "uuid": "5b458b85-b172-4b5f-a9c6-841e8ee906d7",
            "parentUUID": "6caab2ba-744a-4bb3-a7e7-5c6e11653a96",
            "isHook": false,
            "skipped": false
          },
          {
            "title": "output PublicIPName must be present in mainTemplate parameters",
            "fullTitle": "createUiDefinition.json file -  output PublicIPName must be present in mainTemplate parameters",
            "timedOut": false,
            "duration": 4,
            "state": "failed",
            "pass": false,
            "fail": true,
            "pending": false,
            "code": "process.bind(this)(test, done);",
            "err": {
              "message": "AssertionError: expected [ Array(14) ] to include 'publicipname'",
              "estack": "AssertionError: expected [ Array(14) ] to include 'publicipname'\n    at Context.<anonymous> (test\\createUiDefTests.js:67:37)"
            },
            "isRoot": false,
            "uuid": "fcf235e6-253e-4a58-8dd8-daf92512fb4d",
            "parentUUID": "6caab2ba-744a-4bb3-a7e7-5c6e11653a96",
            "isHook": false,
            "skipped": false
          },
          {
            "title": "output PublicIPResourceGroup must be present in mainTemplate parameters",
            "fullTitle": "createUiDefinition.json file -  output PublicIPResourceGroup must be present in mainTemplate parameters",
            "timedOut": false,
            "duration": 1,
            "state": "failed",
            "pass": false,
            "fail": true,
            "pending": false,
            "code": "process.bind(this)(test, done);",
            "err": {
              "message": "AssertionError: expected [ Array(14) ] to include 'publicipresourcegroup'",
              "estack": "AssertionError: expected [ Array(14) ] to include 'publicipresourcegroup'\n    at Context.<anonymous> (test\\createUiDefTests.js:67:37)"
            },
            "isRoot": false,
            "uuid": "00a2a065-7c88-4477-ab75-c3f41340086c",
            "parentUUID": "6caab2ba-744a-4bb3-a7e7-5c6e11653a96",
            "isHook": false,
            "skipped": false
          },
          {
            "title": "output PublicIPAllocationMethod must be present in mainTemplate parameters",
            "fullTitle": "createUiDefinition.json file -  output PublicIPAllocationMethod must be present in mainTemplate parameters",
            "timedOut": false,
            "duration": 1,
            "state": "failed",
            "pass": false,
            "fail": true,
            "pending": false,
            "code": "process.bind(this)(test, done);",
            "err": {
              "message": "AssertionError: expected [ Array(14) ] to include 'publicipallocationmethod'",
              "estack": "AssertionError: expected [ Array(14) ] to include 'publicipallocationmethod'\n    at Context.<anonymous> (test\\createUiDefTests.js:67:37)"
            },
            "isRoot": false,
            "uuid": "efe1a8e7-6e85-4b17-9969-c64f8d73a459",
            "parentUUID": "6caab2ba-744a-4bb3-a7e7-5c6e11653a96",
            "isHook": false,
            "skipped": false
          },
          {
            "title": "output PublicIPIdleTimeoutInMinutes must be present in mainTemplate parameters",
            "fullTitle": "createUiDefinition.json file -  output PublicIPIdleTimeoutInMinutes must be present in mainTemplate parameters",
            "timedOut": false,
            "duration": 1,
            "state": "failed",
            "pass": false,
            "fail": true,
            "pending": false,
            "code": "process.bind(this)(test, done);",
            "err": {
              "message": "AssertionError: expected [ Array(14) ] to include 'publicipidletimeoutinminutes'",
              "estack": "AssertionError: expected [ Array(14) ] to include 'publicipidletimeoutinminutes'\n    at Context.<anonymous> (test\\createUiDefTests.js:67:37)"
            },
            "isRoot": false,
            "uuid": "77c16ba4-9479-4441-81f7-4fcdbbec01c0",
            "parentUUID": "6caab2ba-744a-4bb3-a7e7-5c6e11653a96",
            "isHook": false,
            "skipped": false
          },
          {
            "title": "output PublicPort must be present in mainTemplate parameters",
            "fullTitle": "createUiDefinition.json file -  output PublicPort must be present in mainTemplate parameters",
            "timedOut": false,
            "duration": 2,
            "state": "failed",
            "pass": false,
            "fail": true,
            "pending": false,
            "code": "process.bind(this)(test, done);",
            "err": {
              "message": "AssertionError: expected [ Array(14) ] to include 'publicport'",
              "estack": "AssertionError: expected [ Array(14) ] to include 'publicport'\n    at Context.<anonymous> (test\\createUiDefTests.js:67:37)"
            },
            "isRoot": false,
            "uuid": "f9ed8dcc-1c68-4306-9a3b-5180458a26ba",
            "parentUUID": "6caab2ba-744a-4bb3-a7e7-5c6e11653a96",
            "isHook": false,
            "skipped": false
          },
          {
            "title": "output PublicPortNAT must be present in mainTemplate parameters",
            "fullTitle": "createUiDefinition.json file -  output PublicPortNAT must be present in mainTemplate parameters",
            "timedOut": false,
            "duration": 1,
            "state": "failed",
            "pass": false,
            "fail": true,
            "pending": false,
            "code": "process.bind(this)(test, done);",
            "err": {
              "message": "AssertionError: expected [ Array(14) ] to include 'publicportnat'",
              "estack": "AssertionError: expected [ Array(14) ] to include 'publicportnat'\n    at Context.<anonymous> (test\\createUiDefTests.js:67:37)"
            },
            "isRoot": false,
            "uuid": "000a6636-c630-4d73-a5cb-17eafab382f0",
            "parentUUID": "6caab2ba-744a-4bb3-a7e7-5c6e11653a96",
            "isHook": false,
            "skipped": false
          },
          {
            "title": "output PublicPortPassThruBase must be present in mainTemplate parameters",
            "fullTitle": "createUiDefinition.json file -  output PublicPortPassThruBase must be present in mainTemplate parameters",
            "timedOut": false,
            "duration": 1,
            "state": "failed",
            "pass": false,
            "fail": true,
            "pending": false,
            "code": "process.bind(this)(test, done);",
            "err": {
              "message": "AssertionError: expected [ Array(14) ] to include 'publicportpassthrubase'",
              "estack": "AssertionError: expected [ Array(14) ] to include 'publicportpassthrubase'\n    at Context.<anonymous> (test\\createUiDefTests.js:67:37)"
            },
            "isRoot": false,
            "uuid": "efe0f143-bb59-4449-a490-e0b0382e5fd6",
            "parentUUID": "6caab2ba-744a-4bb3-a7e7-5c6e11653a96",
            "isHook": false,
            "skipped": false
          },
          {
            "title": "output PublicPortPassThruTarget must be present in mainTemplate parameters",
            "fullTitle": "createUiDefinition.json file -  output PublicPortPassThruTarget must be present in mainTemplate parameters",
            "timedOut": false,
            "duration": 0,
            "state": "failed",
            "pass": false,
            "fail": true,
            "pending": false,
            "code": "process.bind(this)(test, done);",
            "err": {
              "message": "AssertionError: expected [ Array(14) ] to include 'publicportpassthrutarget'",
              "estack": "AssertionError: expected [ Array(14) ] to include 'publicportpassthrutarget'\n    at Context.<anonymous> (test\\createUiDefTests.js:67:37)"
            },
            "isRoot": false,
            "uuid": "f3583b41-e71b-452a-99b8-8ac5a03665ad",
            "parentUUID": "6caab2ba-744a-4bb3-a7e7-5c6e11653a96",
            "isHook": false,
            "skipped": false
          },
          {
            "title": "output LBProbePort must be present in mainTemplate parameters",
            "fullTitle": "createUiDefinition.json file -  output LBProbePort must be present in mainTemplate parameters",
            "timedOut": false,
            "duration": 1,
            "state": "failed",
            "pass": false,
            "fail": true,
            "pending": false,
            "code": "process.bind(this)(test, done);",
            "err": {
              "message": "AssertionError: expected [ Array(14) ] to include 'lbprobeport'",
              "estack": "AssertionError: expected [ Array(14) ] to include 'lbprobeport'\n    at Context.<anonymous> (test\\createUiDefTests.js:67:37)"
            },
            "isRoot": false,
            "uuid": "9f92c557-0c21-4c71-953c-0e59f310ff01",
            "parentUUID": "6caab2ba-744a-4bb3-a7e7-5c6e11653a96",
            "isHook": false,
            "skipped": false
          },
          {
            "title": "output dataDiskCount must be present in mainTemplate parameters",
            "fullTitle": "createUiDefinition.json file -  output dataDiskCount must be present in mainTemplate parameters",
            "timedOut": false,
            "duration": 0,
            "state": "failed",
            "pass": false,
            "fail": true,
            "pending": false,
            "code": "process.bind(this)(test, done);",
            "err": {
              "message": "AssertionError: expected [ Array(14) ] to include 'datadiskcount'",
              "estack": "AssertionError: expected [ Array(14) ] to include 'datadiskcount'\n    at Context.<anonymous> (test\\createUiDefTests.js:67:37)"
            },
            "isRoot": false,
            "uuid": "da21332d-45b5-479b-b6d8-f5db1109d33c",
            "parentUUID": "6caab2ba-744a-4bb3-a7e7-5c6e11653a96",
            "isHook": false,
            "skipped": false
          },
          {
            "title": "output dataDiskSizeGB must be present in mainTemplate parameters",
            "fullTitle": "createUiDefinition.json file -  output dataDiskSizeGB must be present in mainTemplate parameters",
            "timedOut": false,
            "duration": 0,
            "state": "failed",
            "pass": false,
            "fail": true,
            "pending": false,
            "code": "process.bind(this)(test, done);",
            "err": {
              "message": "AssertionError: expected [ Array(14) ] to include 'datadisksizegb'",
              "estack": "AssertionError: expected [ Array(14) ] to include 'datadisksizegb'\n    at Context.<anonymous> (test\\createUiDefTests.js:67:37)"
            },
            "isRoot": false,
            "uuid": "25fde304-52c4-4288-a24f-559c94bfa20e",
            "parentUUID": "6caab2ba-744a-4bb3-a7e7-5c6e11653a96",
            "isHook": false,
            "skipped": false
          },
          {
            "title": "output storageTypeForOSDisks must be present in mainTemplate parameters",
            "fullTitle": "createUiDefinition.json file -  output storageTypeForOSDisks must be present in mainTemplate parameters",
            "timedOut": false,
            "duration": 1,
            "state": "failed",
            "pass": false,
            "fail": true,
            "pending": false,
            "code": "process.bind(this)(test, done);",
            "err": {
              "message": "AssertionError: expected [ Array(14) ] to include 'storagetypeforosdisks'",
              "estack": "AssertionError: expected [ Array(14) ] to include 'storagetypeforosdisks'\n    at Context.<anonymous> (test\\createUiDefTests.js:67:37)"
            },
            "isRoot": false,
            "uuid": "0bc84c9f-c82f-41d8-a0ca-20bc6e793e28",
            "parentUUID": "6caab2ba-744a-4bb3-a7e7-5c6e11653a96",
            "isHook": false,
            "skipped": false
          },
          {
            "title": "output storageTypeForDataDisks must be present in mainTemplate parameters",
            "fullTitle": "createUiDefinition.json file -  output storageTypeForDataDisks must be present in mainTemplate parameters",
            "timedOut": false,
            "duration": 0,
            "state": "failed",
            "pass": false,
            "fail": true,
            "pending": false,
            "code": "process.bind(this)(test, done);",
            "err": {
              "message": "AssertionError: expected [ Array(14) ] to include 'storagetypefordatadisks'",
              "estack": "AssertionError: expected [ Array(14) ] to include 'storagetypefordatadisks'\n    at Context.<anonymous> (test\\createUiDefTests.js:67:37)"
            },
            "isRoot": false,
            "uuid": "ca633f2f-55a1-4404-ab0c-4c6bcdb1625b",
            "parentUUID": "6caab2ba-744a-4bb3-a7e7-5c6e11653a96",
            "isHook": false,
            "skipped": false
          },
          {
            "title": "parameters should have basics and steps properties",
            "fullTitle": "createUiDefinition.json file -  parameters should have basics and steps properties",
            "timedOut": false,
            "duration": 0,
            "state": "passed",
            "speed": "fast",
            "pass": true,
            "fail": false,
            "pending": false,
            "code": "createUiDefFileJSONObject.parameters.should.have.property('basics');",
            "err": {},
            "isRoot": false,
            "uuid": "3679fd30-276d-48c1-9a48-1f0a59dd428d",
            "parentUUID": "6caab2ba-744a-4bb3-a7e7-5c6e11653a96",
            "isHook": false,
            "skipped": false
          },
          {
            "title": "text box control ClusterName must have a regex constraint",
            "fullTitle": "createUiDefinition.json file -  text box control ClusterName must have a regex constraint",
            "timedOut": false,
            "duration": 2,
            "state": "passed",
            "speed": "fast",
            "pass": true,
            "fail": false,
            "pending": false,
            "code": "process.bind(this)(test, done);",
            "err": {},
            "isRoot": false,
            "uuid": "36b87763-dc5e-4b8d-9e6b-805bb152996f",
            "parentUUID": "6caab2ba-744a-4bb3-a7e7-5c6e11653a96",
            "isHook": false,
            "skipped": false
          },
          {
            "title": "text box control VmCount must have a regex constraint",
            "fullTitle": "createUiDefinition.json file -  text box control VmCount must have a regex constraint",
            "timedOut": false,
            "duration": 3,
            "state": "passed",
            "speed": "fast",
            "pass": true,
            "fail": false,
            "pending": false,
            "code": "process.bind(this)(test, done);",
            "err": {},
            "isRoot": false,
            "uuid": "179a07ff-32d1-4e85-8017-44f758aee2d7",
            "parentUUID": "6caab2ba-744a-4bb3-a7e7-5c6e11653a96",
            "isHook": false,
            "skipped": false
          },
          {
            "title": "text box control dataDiskCount must have a regex constraint",
            "fullTitle": "createUiDefinition.json file -  text box control dataDiskCount must have a regex constraint",
            "timedOut": false,
            "duration": 1,
            "state": "passed",
            "speed": "fast",
            "pass": true,
            "fail": false,
            "pending": false,
            "code": "process.bind(this)(test, done);",
            "err": {},
            "isRoot": false,
            "uuid": "008f0dc6-80b2-4157-9fdb-db5180a26ec7",
            "parentUUID": "6caab2ba-744a-4bb3-a7e7-5c6e11653a96",
            "isHook": false,
            "skipped": false
          },
          {
            "title": "text box control PublicIPIdleTimeoutInMinutes must have a regex constraint",
            "fullTitle": "createUiDefinition.json file -  text box control PublicIPIdleTimeoutInMinutes must have a regex constraint",
            "timedOut": false,
            "duration": 2,
            "state": "passed",
            "speed": "fast",
            "pass": true,
            "fail": false,
            "pending": false,
            "code": "process.bind(this)(test, done);",
            "err": {},
            "isRoot": false,
            "uuid": "26517e79-2aa7-400e-a7cd-c55ef764d4a4",
            "parentUUID": "6caab2ba-744a-4bb3-a7e7-5c6e11653a96",
            "isHook": false,
            "skipped": false
          },
          {
            "title": "text box control PublicPort must have a regex constraint",
            "fullTitle": "createUiDefinition.json file -  text box control PublicPort must have a regex constraint",
            "timedOut": false,
            "duration": 1,
            "state": "passed",
            "speed": "fast",
            "pass": true,
            "fail": false,
            "pending": false,
            "code": "process.bind(this)(test, done);",
            "err": {},
            "isRoot": false,
            "uuid": "c4457acc-5e15-40f7-bbce-334444f32f88",
            "parentUUID": "6caab2ba-744a-4bb3-a7e7-5c6e11653a96",
            "isHook": false,
            "skipped": false
          },
          {
            "title": "text box control PublicNATSSHBasePort must have a regex constraint",
            "fullTitle": "createUiDefinition.json file -  text box control PublicNATSSHBasePort must have a regex constraint",
            "timedOut": false,
            "duration": 1,
            "state": "passed",
            "speed": "fast",
            "pass": true,
            "fail": false,
            "pending": false,
            "code": "process.bind(this)(test, done);",
            "err": {},
            "isRoot": false,
            "uuid": "ee6c847b-581e-417d-8085-cbee4760eb18",
            "parentUUID": "6caab2ba-744a-4bb3-a7e7-5c6e11653a96",
            "isHook": false,
            "skipped": false
          },
          {
            "title": "location must be in outputs, and should match [location()]",
            "fullTitle": "createUiDefinition.json file -  location must be in outputs, and should match [location()]",
            "timedOut": false,
            "duration": 0,
            "state": "failed",
            "pass": false,
            "fail": true,
            "pending": false,
            "code": "createUiDefFileJSONObject.parameters.outputs.should.withMessage('location property missing in outputs').have.property('location');\ncreateUiDefFileJSONObject.parameters.outputs.location.toLowerCase().should.withMessage('location value should be [location()]').be.eql('[location()]');",
            "err": {
              "message": "AssertionError: location property missing in outputs: expected { Object (Location, ClusterNamePrefix, ...) } to have property 'location'",
              "estack": "AssertionError: location property missing in outputs: expected { Object (Location, ClusterNamePrefix, ...) } to have property 'location'\n    at Context.it (test\\createUiDefTests.js:90:118)"
            },
            "isRoot": false,
            "uuid": "716c7eec-cce1-4946-9e01-c1f5630eb7cf",
            "parentUUID": "6caab2ba-744a-4bb3-a7e7-5c6e11653a96",
            "isHook": false,
            "skipped": false
          }
        ],
        "pending": [],
        "root": false,
        "_timeout": 2000,
        "file": "\\test\\createUiDefTests.js",
        "uuid": "6caab2ba-744a-4bb3-a7e7-5c6e11653a96",
        "beforeHooks": [],
        "afterHooks": [],
        "fullFile": "C:\\Users\\bmoore\\source\\repos\\azure-quickstart-templates\\test\\solution-template-validation-tests\\test\\createUiDefTests.js",
        "passes": [
          {
            "title": "handler property value should be 'Microsoft.Compute.MultiVm'",
            "fullTitle": "createUiDefinition.json file -  handler property value should be 'Microsoft.Compute.MultiVm'",
            "timedOut": false,
            "duration": 0,
            "state": "passed",
            "speed": "fast",
            "pass": true,
            "fail": false,
            "pending": false,
            "code": "createUiDefFileJSONObject.should.withMessage('handler property is expected, and it\\'s value should be \\'Microsoft.Compute.MultiVm\\'').have.property('handler', 'Microsoft.Compute.MultiVm');",
            "err": {},
            "isRoot": false,
            "uuid": "e9d95c14-105c-40d3-8db7-bf7ed8a0ff73",
            "parentUUID": "6caab2ba-744a-4bb3-a7e7-5c6e11653a96",
            "isHook": false,
            "skipped": false
          },
          {
            "title": "must have parameters and outputs properties",
            "fullTitle": "createUiDefinition.json file -  must have parameters and outputs properties",
            "timedOut": false,
            "duration": 0,
            "state": "passed",
            "speed": "fast",
            "pass": true,
            "fail": false,
            "pending": false,
            "code": "createUiDefFileJSONObject.should.have.property('parameters');\ncreateUiDefFileJSONObject.parameters.should.have.property('outputs');",
            "err": {},
            "isRoot": false,
            "uuid": "b7a4efe1-4537-4aed-83a2-11d8d80d05ce",
            "parentUUID": "6caab2ba-744a-4bb3-a7e7-5c6e11653a96",
            "isHook": false,
            "skipped": false
          },
          {
            "title": "output Location must be present in mainTemplate parameters",
            "fullTitle": "createUiDefinition.json file -  output Location must be present in mainTemplate parameters",
            "timedOut": false,
            "duration": 1,
            "state": "passed",
            "speed": "fast",
            "pass": true,
            "fail": false,
            "pending": false,
            "code": "process.bind(this)(test, done);",
            "err": {},
            "isRoot": false,
            "uuid": "0e39e0c0-c21f-4a83-869c-c38de92043d0",
            "parentUUID": "6caab2ba-744a-4bb3-a7e7-5c6e11653a96",
            "isHook": false,
            "skipped": false
          },
          {
            "title": "output VmSize must be present in mainTemplate parameters",
            "fullTitle": "createUiDefinition.json file -  output VmSize must be present in mainTemplate parameters",
            "timedOut": false,
            "duration": 0,
            "state": "passed",
            "speed": "fast",
            "pass": true,
            "fail": false,
            "pending": false,
            "code": "process.bind(this)(test, done);",
            "err": {},
            "isRoot": false,
            "uuid": "97d7a48d-e677-40f6-b177-1a2d9cc739f9",
            "parentUUID": "6caab2ba-744a-4bb3-a7e7-5c6e11653a96",
            "isHook": false,
            "skipped": false
          },
          {
            "title": "output AdminUserName must be present in mainTemplate parameters",
            "fullTitle": "createUiDefinition.json file -  output AdminUserName must be present in mainTemplate parameters",
            "timedOut": false,
            "duration": 1,
            "state": "passed",
            "speed": "fast",
            "pass": true,
            "fail": false,
            "pending": false,
            "code": "process.bind(this)(test, done);",
            "err": {},
            "isRoot": false,
            "uuid": "46837080-c667-48f4-8078-a6ad2dde07af",
            "parentUUID": "6caab2ba-744a-4bb3-a7e7-5c6e11653a96",
            "isHook": false,
            "skipped": false
          },
          {
            "title": "output VNetNewOrExisting must be present in mainTemplate parameters",
            "fullTitle": "createUiDefinition.json file -  output VNetNewOrExisting must be present in mainTemplate parameters",
            "timedOut": false,
            "duration": 0,
            "state": "passed",
            "speed": "fast",
            "pass": true,
            "fail": false,
            "pending": false,
            "code": "process.bind(this)(test, done);",
            "err": {},
            "isRoot": false,
            "uuid": "58e228b0-4464-4f56-86ca-278bae44e7f6",
            "parentUUID": "6caab2ba-744a-4bb3-a7e7-5c6e11653a96",
            "isHook": false,
            "skipped": false
          },
          {
            "title": "output VNetName must be present in mainTemplate parameters",
            "fullTitle": "createUiDefinition.json file -  output VNetName must be present in mainTemplate parameters",
            "timedOut": false,
            "duration": 0,
            "state": "passed",
            "speed": "fast",
            "pass": true,
            "fail": false,
            "pending": false,
            "code": "process.bind(this)(test, done);",
            "err": {},
            "isRoot": false,
            "uuid": "da0a2f8b-79c0-4c29-a80f-033a98877ef9",
            "parentUUID": "6caab2ba-744a-4bb3-a7e7-5c6e11653a96",
            "isHook": false,
            "skipped": false
          },
          {
            "title": "output VNetAddressPrefix must be present in mainTemplate parameters",
            "fullTitle": "createUiDefinition.json file -  output VNetAddressPrefix must be present in mainTemplate parameters",
            "timedOut": false,
            "duration": 0,
            "state": "passed",
            "speed": "fast",
            "pass": true,
            "fail": false,
            "pending": false,
            "code": "process.bind(this)(test, done);",
            "err": {},
            "isRoot": false,
            "uuid": "b24310cf-bd1f-4d6d-92db-567b93d76c03",
            "parentUUID": "6caab2ba-744a-4bb3-a7e7-5c6e11653a96",
            "isHook": false,
            "skipped": false
          },
          {
            "title": "output SubnetName must be present in mainTemplate parameters",
            "fullTitle": "createUiDefinition.json file -  output SubnetName must be present in mainTemplate parameters",
            "timedOut": false,
            "duration": 1,
            "state": "passed",
            "speed": "fast",
            "pass": true,
            "fail": false,
            "pending": false,
            "code": "process.bind(this)(test, done);",
            "err": {},
            "isRoot": false,
            "uuid": "706ed06b-1adb-4c8d-b856-42b7446f3433",
            "parentUUID": "6caab2ba-744a-4bb3-a7e7-5c6e11653a96",
            "isHook": false,
            "skipped": false
          },
          {
            "title": "output SubnetAddressPrefix must be present in mainTemplate parameters",
            "fullTitle": "createUiDefinition.json file -  output SubnetAddressPrefix must be present in mainTemplate parameters",
            "timedOut": false,
            "duration": 1,
            "state": "passed",
            "speed": "fast",
            "pass": true,
            "fail": false,
            "pending": false,
            "code": "process.bind(this)(test, done);",
            "err": {},
            "isRoot": false,
            "uuid": "31b96996-e4e4-4adb-a8e8-ef2945dc6d73",
            "parentUUID": "6caab2ba-744a-4bb3-a7e7-5c6e11653a96",
            "isHook": false,
            "skipped": false
          },
          {
            "title": "parameters should have basics and steps properties",
            "fullTitle": "createUiDefinition.json file -  parameters should have basics and steps properties",
            "timedOut": false,
            "duration": 0,
            "state": "passed",
            "speed": "fast",
            "pass": true,
            "fail": false,
            "pending": false,
            "code": "createUiDefFileJSONObject.parameters.should.have.property('basics');",
            "err": {},
            "isRoot": false,
            "uuid": "3679fd30-276d-48c1-9a48-1f0a59dd428d",
            "parentUUID": "6caab2ba-744a-4bb3-a7e7-5c6e11653a96",
            "isHook": false,
            "skipped": false
          },
          {
            "title": "text box control ClusterName must have a regex constraint",
            "fullTitle": "createUiDefinition.json file -  text box control ClusterName must have a regex constraint",
            "timedOut": false,
            "duration": 2,
            "state": "passed",
            "speed": "fast",
            "pass": true,
            "fail": false,
            "pending": false,
            "code": "process.bind(this)(test, done);",
            "err": {},
            "isRoot": false,
            "uuid": "36b87763-dc5e-4b8d-9e6b-805bb152996f",
            "parentUUID": "6caab2ba-744a-4bb3-a7e7-5c6e11653a96",
            "isHook": false,
            "skipped": false
          },
          {
            "title": "text box control VmCount must have a regex constraint",
            "fullTitle": "createUiDefinition.json file -  text box control VmCount must have a regex constraint",
            "timedOut": false,
            "duration": 3,
            "state": "passed",
            "speed": "fast",
            "pass": true,
            "fail": false,
            "pending": false,
            "code": "process.bind(this)(test, done);",
            "err": {},
            "isRoot": false,
            "uuid": "179a07ff-32d1-4e85-8017-44f758aee2d7",
            "parentUUID": "6caab2ba-744a-4bb3-a7e7-5c6e11653a96",
            "isHook": false,
            "skipped": false
          },
          {
            "title": "text box control dataDiskCount must have a regex constraint",
            "fullTitle": "createUiDefinition.json file -  text box control dataDiskCount must have a regex constraint",
            "timedOut": false,
            "duration": 1,
            "state": "passed",
            "speed": "fast",
            "pass": true,
            "fail": false,
            "pending": false,
            "code": "process.bind(this)(test, done);",
            "err": {},
            "isRoot": false,
            "uuid": "008f0dc6-80b2-4157-9fdb-db5180a26ec7",
            "parentUUID": "6caab2ba-744a-4bb3-a7e7-5c6e11653a96",
            "isHook": false,
            "skipped": false
          },
          {
            "title": "text box control PublicIPIdleTimeoutInMinutes must have a regex constraint",
            "fullTitle": "createUiDefinition.json file -  text box control PublicIPIdleTimeoutInMinutes must have a regex constraint",
            "timedOut": false,
            "duration": 2,
            "state": "passed",
            "speed": "fast",
            "pass": true,
            "fail": false,
            "pending": false,
            "code": "process.bind(this)(test, done);",
            "err": {},
            "isRoot": false,
            "uuid": "26517e79-2aa7-400e-a7cd-c55ef764d4a4",
            "parentUUID": "6caab2ba-744a-4bb3-a7e7-5c6e11653a96",
            "isHook": false,
            "skipped": false
          },
          {
            "title": "text box control PublicPort must have a regex constraint",
            "fullTitle": "createUiDefinition.json file -  text box control PublicPort must have a regex constraint",
            "timedOut": false,
            "duration": 1,
            "state": "passed",
            "speed": "fast",
            "pass": true,
            "fail": false,
            "pending": false,
            "code": "process.bind(this)(test, done);",
            "err": {},
            "isRoot": false,
            "uuid": "c4457acc-5e15-40f7-bbce-334444f32f88",
            "parentUUID": "6caab2ba-744a-4bb3-a7e7-5c6e11653a96",
            "isHook": false,
            "skipped": false
          },
          {
            "title": "text box control PublicNATSSHBasePort must have a regex constraint",
            "fullTitle": "createUiDefinition.json file -  text box control PublicNATSSHBasePort must have a regex constraint",
            "timedOut": false,
            "duration": 1,
            "state": "passed",
            "speed": "fast",
            "pass": true,
            "fail": false,
            "pending": false,
            "code": "process.bind(this)(test, done);",
            "err": {},
            "isRoot": false,
            "uuid": "ee6c847b-581e-417d-8085-cbee4760eb18",
            "parentUUID": "6caab2ba-744a-4bb3-a7e7-5c6e11653a96",
            "isHook": false,
            "skipped": false
          }
        ],
        "failures": [
          {
            "title": "must have a schema property",
            "fullTitle": "createUiDefinition.json file -  must have a schema property",
            "timedOut": false,
            "duration": 2,
            "state": "failed",
            "pass": false,
            "fail": true,
            "pending": false,
            "code": "createUiDefFileJSONObject.should.withMessage('$schema property is expected, and it\\'s value should be ' + expectedSchemaVal).have.property('$schema', expectedSchemaVal);",
            "err": {
              "message": "AssertionError: $schema property is expected, and it's value should be https://schema.management.azure.com/schemas/0.1.2-preview/CreateUIDefinition.MultiVm.json#: expected { Object (handler, version, ...) } to have property '$schema'",
              "estack": "AssertionError: $schema property is expected, and it's value should be https://schema.management.azure.com/schemas/0.1.2-preview/CreateUIDefinition.MultiVm.json#: expected { Object (handler, version, ...) } to have property '$schema'\n    at Context.it (test\\createUiDefTests.js:41:139)"
            },
            "isRoot": false,
            "uuid": "997cf85f-7370-428b-8f49-31a9aacbc354",
            "parentUUID": "6caab2ba-744a-4bb3-a7e7-5c6e11653a96",
            "isHook": false,
            "skipped": false
          },
          {
            "title": "version property value must match schema version",
            "fullTitle": "createUiDefinition.json file -  version property value must match schema version",
            "timedOut": false,
            "duration": 0,
            "state": "failed",
            "pass": false,
            "fail": true,
            "pending": false,
            "code": "assert(typeof(createUiDefFileJSONObject.$schema) !== 'undefined', '$schema property is missing in createUiDefinition.json');\nvar createUiDefSchemaVersion = createUiDefFileJSONObject.$schema.match('schema.management.azure.com/schemas/(.*)/CreateUIDefinition')[1]\ncreateUiDefFileJSONObject.should.have.property('version', createUiDefSchemaVersion);",
            "err": {
              "message": "AssertionError: $schema property is missing in createUiDefinition.json",
              "estack": "AssertionError: $schema property is missing in createUiDefinition.json\n    at Context.it (test\\createUiDefTests.js:53:9)"
            },
            "isRoot": false,
            "uuid": "a8bff944-3572-403b-acb2-52f3eead86d9",
            "parentUUID": "6caab2ba-744a-4bb3-a7e7-5c6e11653a96",
            "isHook": false,
            "skipped": false
          },
          {
            "title": "output ClusterNamePrefix must be present in mainTemplate parameters",
            "fullTitle": "createUiDefinition.json file -  output ClusterNamePrefix must be present in mainTemplate parameters",
            "timedOut": false,
            "duration": 1,
            "state": "failed",
            "pass": false,
            "fail": true,
            "pending": false,
            "code": "process.bind(this)(test, done);",
            "err": {
              "message": "AssertionError: expected [ Array(14) ] to include 'clusternameprefix'",
              "estack": "AssertionError: expected [ Array(14) ] to include 'clusternameprefix'\n    at Context.<anonymous> (test\\createUiDefTests.js:67:37)"
            },
            "isRoot": false,
            "uuid": "bed4efc1-6d6d-46d8-9d9a-b90e3d01352b",
            "parentUUID": "6caab2ba-744a-4bb3-a7e7-5c6e11653a96",
            "isHook": false,
            "skipped": false
          },
          {
            "title": "output VmCount must be present in mainTemplate parameters",
            "fullTitle": "createUiDefinition.json file -  output VmCount must be present in mainTemplate parameters",
            "timedOut": false,
            "duration": 0,
            "state": "failed",
            "pass": false,
            "fail": true,
            "pending": false,
            "code": "process.bind(this)(test, done);",
            "err": {
              "message": "AssertionError: expected [ Array(14) ] to include 'vmcount'",
              "estack": "AssertionError: expected [ Array(14) ] to include 'vmcount'\n    at Context.<anonymous> (test\\createUiDefTests.js:67:37)"
            },
            "isRoot": false,
            "uuid": "fa138cca-5b01-4fdc-8cf7-eae5e90fe9eb",
            "parentUUID": "6caab2ba-744a-4bb3-a7e7-5c6e11653a96",
            "isHook": false,
            "skipped": false
          },
          {
            "title": "output AdminAuthType must be present in mainTemplate parameters",
            "fullTitle": "createUiDefinition.json file -  output AdminAuthType must be present in mainTemplate parameters",
            "timedOut": false,
            "duration": 0,
            "state": "failed",
            "pass": false,
            "fail": true,
            "pending": false,
            "code": "process.bind(this)(test, done);",
            "err": {
              "message": "AssertionError: expected [ Array(14) ] to include 'adminauthtype'",
              "estack": "AssertionError: expected [ Array(14) ] to include 'adminauthtype'\n    at Context.<anonymous> (test\\createUiDefTests.js:67:37)"
            },
            "isRoot": false,
            "uuid": "2e25fb06-0274-4bfa-a791-0a3264c043ed",
            "parentUUID": "6caab2ba-744a-4bb3-a7e7-5c6e11653a96",
            "isHook": false,
            "skipped": false
          },
          {
            "title": "output AdminCredential must be present in mainTemplate parameters",
            "fullTitle": "createUiDefinition.json file -  output AdminCredential must be present in mainTemplate parameters",
            "timedOut": false,
            "duration": 0,
            "state": "failed",
            "pass": false,
            "fail": true,
            "pending": false,
            "code": "process.bind(this)(test, done);",
            "err": {
              "message": "AssertionError: expected [ Array(14) ] to include 'admincredential'",
              "estack": "AssertionError: expected [ Array(14) ] to include 'admincredential'\n    at Context.<anonymous> (test\\createUiDefTests.js:67:37)"
            },
            "isRoot": false,
            "uuid": "73887978-ae4f-4a6f-a15d-b55e4b9dba16",
            "parentUUID": "6caab2ba-744a-4bb3-a7e7-5c6e11653a96",
            "isHook": false,
            "skipped": false
          },
          {
            "title": "output VNetResourceGroup must be present in mainTemplate parameters",
            "fullTitle": "createUiDefinition.json file -  output VNetResourceGroup must be present in mainTemplate parameters",
            "timedOut": false,
            "duration": 0,
            "state": "failed",
            "pass": false,
            "fail": true,
            "pending": false,
            "code": "process.bind(this)(test, done);",
            "err": {
              "message": "AssertionError: expected [ Array(14) ] to include 'vnetresourcegroup'",
              "estack": "AssertionError: expected [ Array(14) ] to include 'vnetresourcegroup'\n    at Context.<anonymous> (test\\createUiDefTests.js:67:37)"
            },
            "isRoot": false,
            "uuid": "86657351-3c65-42ed-82cc-16e1516beaff",
            "parentUUID": "6caab2ba-744a-4bb3-a7e7-5c6e11653a96",
            "isHook": false,
            "skipped": false
          },
          {
            "title": "output SubnetStartAddress must be present in mainTemplate parameters",
            "fullTitle": "createUiDefinition.json file -  output SubnetStartAddress must be present in mainTemplate parameters",
            "timedOut": false,
            "duration": 1,
            "state": "failed",
            "pass": false,
            "fail": true,
            "pending": false,
            "code": "process.bind(this)(test, done);",
            "err": {
              "message": "AssertionError: expected [ Array(14) ] to include 'subnetstartaddress'",
              "estack": "AssertionError: expected [ Array(14) ] to include 'subnetstartaddress'\n    at Context.<anonymous> (test\\createUiDefTests.js:67:37)"
            },
            "isRoot": false,
            "uuid": "57ef707c-98d0-48fc-985f-873e5717e1d8",
            "parentUUID": "6caab2ba-744a-4bb3-a7e7-5c6e11653a96",
            "isHook": false,
            "skipped": false
          },
          {
            "title": "output PublicIPNewExistingOrNone must be present in mainTemplate parameters",
            "fullTitle": "createUiDefinition.json file -  output PublicIPNewExistingOrNone must be present in mainTemplate parameters",
            "timedOut": false,
            "duration": 2,
            "state": "failed",
            "pass": false,
            "fail": true,
            "pending": false,
            "code": "process.bind(this)(test, done);",
            "err": {
              "message": "AssertionError: expected [ Array(14) ] to include 'publicipnewexistingornone'",
              "estack": "AssertionError: expected [ Array(14) ] to include 'publicipnewexistingornone'\n    at Context.<anonymous> (test\\createUiDefTests.js:67:37)"
            },
            "isRoot": false,
            "uuid": "5b458b85-b172-4b5f-a9c6-841e8ee906d7",
            "parentUUID": "6caab2ba-744a-4bb3-a7e7-5c6e11653a96",
            "isHook": false,
            "skipped": false
          },
          {
            "title": "output PublicIPName must be present in mainTemplate parameters",
            "fullTitle": "createUiDefinition.json file -  output PublicIPName must be present in mainTemplate parameters",
            "timedOut": false,
            "duration": 4,
            "state": "failed",
            "pass": false,
            "fail": true,
            "pending": false,
            "code": "process.bind(this)(test, done);",
            "err": {
              "message": "AssertionError: expected [ Array(14) ] to include 'publicipname'",
              "estack": "AssertionError: expected [ Array(14) ] to include 'publicipname'\n    at Context.<anonymous> (test\\createUiDefTests.js:67:37)"
            },
            "isRoot": false,
            "uuid": "fcf235e6-253e-4a58-8dd8-daf92512fb4d",
            "parentUUID": "6caab2ba-744a-4bb3-a7e7-5c6e11653a96",
            "isHook": false,
            "skipped": false
          },
          {
            "title": "output PublicIPResourceGroup must be present in mainTemplate parameters",
            "fullTitle": "createUiDefinition.json file -  output PublicIPResourceGroup must be present in mainTemplate parameters",
            "timedOut": false,
            "duration": 1,
            "state": "failed",
            "pass": false,
            "fail": true,
            "pending": false,
            "code": "process.bind(this)(test, done);",
            "err": {
              "message": "AssertionError: expected [ Array(14) ] to include 'publicipresourcegroup'",
              "estack": "AssertionError: expected [ Array(14) ] to include 'publicipresourcegroup'\n    at Context.<anonymous> (test\\createUiDefTests.js:67:37)"
            },
            "isRoot": false,
            "uuid": "00a2a065-7c88-4477-ab75-c3f41340086c",
            "parentUUID": "6caab2ba-744a-4bb3-a7e7-5c6e11653a96",
            "isHook": false,
            "skipped": false
          },
          {
            "title": "output PublicIPAllocationMethod must be present in mainTemplate parameters",
            "fullTitle": "createUiDefinition.json file -  output PublicIPAllocationMethod must be present in mainTemplate parameters",
            "timedOut": false,
            "duration": 1,
            "state": "failed",
            "pass": false,
            "fail": true,
            "pending": false,
            "code": "process.bind(this)(test, done);",
            "err": {
              "message": "AssertionError: expected [ Array(14) ] to include 'publicipallocationmethod'",
              "estack": "AssertionError: expected [ Array(14) ] to include 'publicipallocationmethod'\n    at Context.<anonymous> (test\\createUiDefTests.js:67:37)"
            },
            "isRoot": false,
            "uuid": "efe1a8e7-6e85-4b17-9969-c64f8d73a459",
            "parentUUID": "6caab2ba-744a-4bb3-a7e7-5c6e11653a96",
            "isHook": false,
            "skipped": false
          },
          {
            "title": "output PublicIPIdleTimeoutInMinutes must be present in mainTemplate parameters",
            "fullTitle": "createUiDefinition.json file -  output PublicIPIdleTimeoutInMinutes must be present in mainTemplate parameters",
            "timedOut": false,
            "duration": 1,
            "state": "failed",
            "pass": false,
            "fail": true,
            "pending": false,
            "code": "process.bind(this)(test, done);",
            "err": {
              "message": "AssertionError: expected [ Array(14) ] to include 'publicipidletimeoutinminutes'",
              "estack": "AssertionError: expected [ Array(14) ] to include 'publicipidletimeoutinminutes'\n    at Context.<anonymous> (test\\createUiDefTests.js:67:37)"
            },
            "isRoot": false,
            "uuid": "77c16ba4-9479-4441-81f7-4fcdbbec01c0",
            "parentUUID": "6caab2ba-744a-4bb3-a7e7-5c6e11653a96",
            "isHook": false,
            "skipped": false
          },
          {
            "title": "output PublicPort must be present in mainTemplate parameters",
            "fullTitle": "createUiDefinition.json file -  output PublicPort must be present in mainTemplate parameters",
            "timedOut": false,
            "duration": 2,
            "state": "failed",
            "pass": false,
            "fail": true,
            "pending": false,
            "code": "process.bind(this)(test, done);",
            "err": {
              "message": "AssertionError: expected [ Array(14) ] to include 'publicport'",
              "estack": "AssertionError: expected [ Array(14) ] to include 'publicport'\n    at Context.<anonymous> (test\\createUiDefTests.js:67:37)"
            },
            "isRoot": false,
            "uuid": "f9ed8dcc-1c68-4306-9a3b-5180458a26ba",
            "parentUUID": "6caab2ba-744a-4bb3-a7e7-5c6e11653a96",
            "isHook": false,
            "skipped": false
          },
          {
            "title": "output PublicPortNAT must be present in mainTemplate parameters",
            "fullTitle": "createUiDefinition.json file -  output PublicPortNAT must be present in mainTemplate parameters",
            "timedOut": false,
            "duration": 1,
            "state": "failed",
            "pass": false,
            "fail": true,
            "pending": false,
            "code": "process.bind(this)(test, done);",
            "err": {
              "message": "AssertionError: expected [ Array(14) ] to include 'publicportnat'",
              "estack": "AssertionError: expected [ Array(14) ] to include 'publicportnat'\n    at Context.<anonymous> (test\\createUiDefTests.js:67:37)"
            },
            "isRoot": false,
            "uuid": "000a6636-c630-4d73-a5cb-17eafab382f0",
            "parentUUID": "6caab2ba-744a-4bb3-a7e7-5c6e11653a96",
            "isHook": false,
            "skipped": false
          },
          {
            "title": "output PublicPortPassThruBase must be present in mainTemplate parameters",
            "fullTitle": "createUiDefinition.json file -  output PublicPortPassThruBase must be present in mainTemplate parameters",
            "timedOut": false,
            "duration": 1,
            "state": "failed",
            "pass": false,
            "fail": true,
            "pending": false,
            "code": "process.bind(this)(test, done);",
            "err": {
              "message": "AssertionError: expected [ Array(14) ] to include 'publicportpassthrubase'",
              "estack": "AssertionError: expected [ Array(14) ] to include 'publicportpassthrubase'\n    at Context.<anonymous> (test\\createUiDefTests.js:67:37)"
            },
            "isRoot": false,
            "uuid": "efe0f143-bb59-4449-a490-e0b0382e5fd6",
            "parentUUID": "6caab2ba-744a-4bb3-a7e7-5c6e11653a96",
            "isHook": false,
            "skipped": false
          },
          {
            "title": "output PublicPortPassThruTarget must be present in mainTemplate parameters",
            "fullTitle": "createUiDefinition.json file -  output PublicPortPassThruTarget must be present in mainTemplate parameters",
            "timedOut": false,
            "duration": 0,
            "state": "failed",
            "pass": false,
            "fail": true,
            "pending": false,
            "code": "process.bind(this)(test, done);",
            "err": {
              "message": "AssertionError: expected [ Array(14) ] to include 'publicportpassthrutarget'",
              "estack": "AssertionError: expected [ Array(14) ] to include 'publicportpassthrutarget'\n    at Context.<anonymous> (test\\createUiDefTests.js:67:37)"
            },
            "isRoot": false,
            "uuid": "f3583b41-e71b-452a-99b8-8ac5a03665ad",
            "parentUUID": "6caab2ba-744a-4bb3-a7e7-5c6e11653a96",
            "isHook": false,
            "skipped": false
          },
          {
            "title": "output LBProbePort must be present in mainTemplate parameters",
            "fullTitle": "createUiDefinition.json file -  output LBProbePort must be present in mainTemplate parameters",
            "timedOut": false,
            "duration": 1,
            "state": "failed",
            "pass": false,
            "fail": true,
            "pending": false,
            "code": "process.bind(this)(test, done);",
            "err": {
              "message": "AssertionError: expected [ Array(14) ] to include 'lbprobeport'",
              "estack": "AssertionError: expected [ Array(14) ] to include 'lbprobeport'\n    at Context.<anonymous> (test\\createUiDefTests.js:67:37)"
            },
            "isRoot": false,
            "uuid": "9f92c557-0c21-4c71-953c-0e59f310ff01",
            "parentUUID": "6caab2ba-744a-4bb3-a7e7-5c6e11653a96",
            "isHook": false,
            "skipped": false
          },
          {
            "title": "output dataDiskCount must be present in mainTemplate parameters",
            "fullTitle": "createUiDefinition.json file -  output dataDiskCount must be present in mainTemplate parameters",
            "timedOut": false,
            "duration": 0,
            "state": "failed",
            "pass": false,
            "fail": true,
            "pending": false,
            "code": "process.bind(this)(test, done);",
            "err": {
              "message": "AssertionError: expected [ Array(14) ] to include 'datadiskcount'",
              "estack": "AssertionError: expected [ Array(14) ] to include 'datadiskcount'\n    at Context.<anonymous> (test\\createUiDefTests.js:67:37)"
            },
            "isRoot": false,
            "uuid": "da21332d-45b5-479b-b6d8-f5db1109d33c",
            "parentUUID": "6caab2ba-744a-4bb3-a7e7-5c6e11653a96",
            "isHook": false,
            "skipped": false
          },
          {
            "title": "output dataDiskSizeGB must be present in mainTemplate parameters",
            "fullTitle": "createUiDefinition.json file -  output dataDiskSizeGB must be present in mainTemplate parameters",
            "timedOut": false,
            "duration": 0,
            "state": "failed",
            "pass": false,
            "fail": true,
            "pending": false,
            "code": "process.bind(this)(test, done);",
            "err": {
              "message": "AssertionError: expected [ Array(14) ] to include 'datadisksizegb'",
              "estack": "AssertionError: expected [ Array(14) ] to include 'datadisksizegb'\n    at Context.<anonymous> (test\\createUiDefTests.js:67:37)"
            },
            "isRoot": false,
            "uuid": "25fde304-52c4-4288-a24f-559c94bfa20e",
            "parentUUID": "6caab2ba-744a-4bb3-a7e7-5c6e11653a96",
            "isHook": false,
            "skipped": false
          },
          {
            "title": "output storageTypeForOSDisks must be present in mainTemplate parameters",
            "fullTitle": "createUiDefinition.json file -  output storageTypeForOSDisks must be present in mainTemplate parameters",
            "timedOut": false,
            "duration": 1,
            "state": "failed",
            "pass": false,
            "fail": true,
            "pending": false,
            "code": "process.bind(this)(test, done);",
            "err": {
              "message": "AssertionError: expected [ Array(14) ] to include 'storagetypeforosdisks'",
              "estack": "AssertionError: expected [ Array(14) ] to include 'storagetypeforosdisks'\n    at Context.<anonymous> (test\\createUiDefTests.js:67:37)"
            },
            "isRoot": false,
            "uuid": "0bc84c9f-c82f-41d8-a0ca-20bc6e793e28",
            "parentUUID": "6caab2ba-744a-4bb3-a7e7-5c6e11653a96",
            "isHook": false,
            "skipped": false
          },
          {
            "title": "output storageTypeForDataDisks must be present in mainTemplate parameters",
            "fullTitle": "createUiDefinition.json file -  output storageTypeForDataDisks must be present in mainTemplate parameters",
            "timedOut": false,
            "duration": 0,
            "state": "failed",
            "pass": false,
            "fail": true,
            "pending": false,
            "code": "process.bind(this)(test, done);",
            "err": {
              "message": "AssertionError: expected [ Array(14) ] to include 'storagetypefordatadisks'",
              "estack": "AssertionError: expected [ Array(14) ] to include 'storagetypefordatadisks'\n    at Context.<anonymous> (test\\createUiDefTests.js:67:37)"
            },
            "isRoot": false,
            "uuid": "ca633f2f-55a1-4404-ab0c-4c6bcdb1625b",
            "parentUUID": "6caab2ba-744a-4bb3-a7e7-5c6e11653a96",
            "isHook": false,
            "skipped": false
          },
          {
            "title": "location must be in outputs, and should match [location()]",
            "fullTitle": "createUiDefinition.json file -  location must be in outputs, and should match [location()]",
            "timedOut": false,
            "duration": 0,
            "state": "failed",
            "pass": false,
            "fail": true,
            "pending": false,
            "code": "createUiDefFileJSONObject.parameters.outputs.should.withMessage('location property missing in outputs').have.property('location');\ncreateUiDefFileJSONObject.parameters.outputs.location.toLowerCase().should.withMessage('location value should be [location()]').be.eql('[location()]');",
            "err": {
              "message": "AssertionError: location property missing in outputs: expected { Object (Location, ClusterNamePrefix, ...) } to have property 'location'",
              "estack": "AssertionError: location property missing in outputs: expected { Object (Location, ClusterNamePrefix, ...) } to have property 'location'\n    at Context.it (test\\createUiDefTests.js:90:118)"
            },
            "isRoot": false,
            "uuid": "716c7eec-cce1-4946-9e01-c1f5630eb7cf",
            "parentUUID": "6caab2ba-744a-4bb3-a7e7-5c6e11653a96",
            "isHook": false,
            "skipped": false
          }
        ],
        "skipped": [],
        "hasBeforeHooks": false,
        "hasAfterHooks": false,
        "hasTests": true,
        "hasSuites": false,
        "totalTests": 40,
        "totalPasses": 17,
        "totalFailures": 23,
        "totalPending": 0,
        "totalSkipped": 0,
        "hasPasses": true,
        "hasFailures": true,
        "hasPending": false,
        "hasSkipped": false,
        "duration": 33,
        "rootEmpty": false
      },
      {
        "title": "template files - ",
        "suites": [
          {
            "title": "parameters tests - ",
            "suites": [],
            "tests": [
              {
                "title": "maintemplate.json should have a \"parameters\" property",
                "fullTitle": "template files -  parameters tests -  maintemplate.json should have a \"parameters\" property",
                "timedOut": false,
                "duration": 1,
                "state": "passed",
                "speed": "fast",
                "pass": true,
                "fail": false,
                "pending": false,
                "code": "mainTemplateFileJSONObject.should.have.property('parameters');",
                "err": {},
                "isRoot": false,
                "uuid": "aef84a9e-d565-4460-9c1e-7d916d3718ed",
                "parentUUID": "baa0076b-eae1-4460-b5e9-17f905651955",
                "isHook": false,
                "skipped": false
              },
              {
                "title": "parameter machineName that does not have a defaultValue in file mainTemplate.json, must have a corresponding output in createUiDefinition.json",
                "fullTitle": "template files -  parameters tests -  parameter machineName that does not have a defaultValue in file mainTemplate.json, must have a corresponding output in createUiDefinition.json",
                "timedOut": false,
                "duration": 1,
                "state": "failed",
                "pass": false,
                "fail": true,
                "pending": false,
                "code": "process.bind(this)(test, done);",
                "err": {
                  "message": "AssertionError: in file:mainTemplate.json, outputs in createUiDefinition is missing the parameter machineName: expected [ Array(28) ] to include 'machinename'",
                  "estack": "AssertionError: in file:mainTemplate.json, outputs in createUiDefinition is missing the parameter machineName: expected [ Array(28) ] to include 'machinename'\n    at Context.<anonymous> (test\\mainTemplateTests.js:60:153)"
                },
                "isRoot": false,
                "uuid": "7f01bc85-b150-48f8-85be-5a4a734e4981",
                "parentUUID": "baa0076b-eae1-4460-b5e9-17f905651955",
                "isHook": false,
                "skipped": false
              },
              {
                "title": "parameter location that does not have a defaultValue in file mainTemplate.json, must have a corresponding output in createUiDefinition.json",
                "fullTitle": "template files -  parameters tests -  parameter location that does not have a defaultValue in file mainTemplate.json, must have a corresponding output in createUiDefinition.json",
                "timedOut": false,
                "duration": 0,
                "state": "passed",
                "speed": "fast",
                "pass": true,
                "fail": false,
                "pending": false,
                "code": "process.bind(this)(test, done);",
                "err": {},
                "isRoot": false,
                "uuid": "64abfbbf-3e44-4848-8aa2-ab16e71422e8",
                "parentUUID": "baa0076b-eae1-4460-b5e9-17f905651955",
                "isHook": false,
                "skipped": false
              },
              {
                "title": "parameter adminUsername that does not have a defaultValue in file mainTemplate.json, must have a corresponding output in createUiDefinition.json",
                "fullTitle": "template files -  parameters tests -  parameter adminUsername that does not have a defaultValue in file mainTemplate.json, must have a corresponding output in createUiDefinition.json",
                "timedOut": false,
                "duration": 0,
                "state": "passed",
                "speed": "fast",
                "pass": true,
                "fail": false,
                "pending": false,
                "code": "process.bind(this)(test, done);",
                "err": {},
                "isRoot": false,
                "uuid": "deb07ac7-a4ce-4cbf-ac64-ddac12122b2d",
                "parentUUID": "baa0076b-eae1-4460-b5e9-17f905651955",
                "isHook": false,
                "skipped": false
              },
              {
                "title": "parameter adminPassword that does not have a defaultValue in file mainTemplate.json, must have a corresponding output in createUiDefinition.json",
                "fullTitle": "template files -  parameters tests -  parameter adminPassword that does not have a defaultValue in file mainTemplate.json, must have a corresponding output in createUiDefinition.json",
                "timedOut": false,
                "duration": 0,
                "state": "failed",
                "pass": false,
                "fail": true,
                "pending": false,
                "code": "process.bind(this)(test, done);",
                "err": {
                  "message": "AssertionError: in file:mainTemplate.json, outputs in createUiDefinition is missing the parameter adminPassword: expected [ Array(28) ] to include 'adminpassword'",
                  "estack": "AssertionError: in file:mainTemplate.json, outputs in createUiDefinition is missing the parameter adminPassword: expected [ Array(28) ] to include 'adminpassword'\n    at Context.<anonymous> (test\\mainTemplateTests.js:60:153)"
                },
                "isRoot": false,
                "uuid": "1ed74526-293b-47d5-a137-13536db8710d",
                "parentUUID": "baa0076b-eae1-4460-b5e9-17f905651955",
                "isHook": false,
                "skipped": false
              },
              {
                "title": "parameter publicIPAddressName that does not have a defaultValue in file mainTemplate.json, must have a corresponding output in createUiDefinition.json",
                "fullTitle": "template files -  parameters tests -  parameter publicIPAddressName that does not have a defaultValue in file mainTemplate.json, must have a corresponding output in createUiDefinition.json",
                "timedOut": false,
                "duration": 0,
                "state": "passed",
                "speed": "fast",
                "pass": true,
[...]
      "timedOut": false,
      "duration": 1,
      "state": "failed",
      "pass": false,
      "fail": true,
      "pending": false,
      "code": "process.bind(this)(test, done);",
      "err": {
        "message": "AssertionError: expected [ Array(14) ] to include 'subnetstartaddress'",
        "estack": "AssertionError: expected [ Array(14) ] to include 'subnetstartaddress'\n    at Context.<anonymous> (test\\createUiDefTests.js:67:37)"
      },
      "isRoot": false,
      "uuid": "57ef707c-98d0-48fc-985f-873e5717e1d8",
      "parentUUID": "6caab2ba-744a-4bb3-a7e7-5c6e11653a96",
      "isHook": false,
      "skipped": false
    },
    {
      "title": "output PublicIPNewExistingOrNone must be present in mainTemplate parameters",
      "fullTitle": "createUiDefinition.json file -  output PublicIPNewExistingOrNone must be present in mainTemplate parameters",
      "timedOut": false,
      "duration": 2,
      "state": "failed",
      "pass": false,
      "fail": true,
      "pending": false,
      "code": "process.bind(this)(test, done);",
      "err": {
        "message": "AssertionError: expected [ Array(14) ] to include 'publicipnewexistingornone'",
        "estack": "AssertionError: expected [ Array(14) ] to include 'publicipnewexistingornone'\n    at Context.<anonymous> (test\\createUiDefTests.js:67:37)"
      },
      "isRoot": false,
      "uuid": "5b458b85-b172-4b5f-a9c6-841e8ee906d7",
      "parentUUID": "6caab2ba-744a-4bb3-a7e7-5c6e11653a96",
      "isHook": false,
      "skipped": false
    },
    {
      "title": "output PublicIPName must be present in mainTemplate parameters",
      "fullTitle": "createUiDefinition.json file -  output PublicIPName must be present in mainTemplate parameters",
      "timedOut": false,
      "duration": 4,
      "state": "failed",
      "pass": false,
      "fail": true,
      "pending": false,
      "code": "process.bind(this)(test, done);",
      "err": {
        "message": "AssertionError: expected [ Array(14) ] to include 'publicipname'",
        "estack": "AssertionError: expected [ Array(14) ] to include 'publicipname'\n    at Context.<anonymous> (test\\createUiDefTests.js:67:37)"
      },
      "isRoot": false,
      "uuid": "fcf235e6-253e-4a58-8dd8-daf92512fb4d",
      "parentUUID": "6caab2ba-744a-4bb3-a7e7-5c6e11653a96",
      "isHook": false,
      "skipped": false
    },
    {
      "title": "output PublicIPResourceGroup must be present in mainTemplate parameters",
      "fullTitle": "createUiDefinition.json file -  output PublicIPResourceGroup must be present in mainTemplate parameters",
      "timedOut": false,
      "duration": 1,
      "state": "failed",
      "pass": false,
      "fail": true,
      "pending": false,
      "code": "process.bind(this)(test, done);",
      "err": {
        "message": "AssertionError: expected [ Array(14) ] to include 'publicipresourcegroup'",
        "estack": "AssertionError: expected [ Array(14) ] to include 'publicipresourcegroup'\n    at Context.<anonymous> (test\\createUiDefTests.js:67:37)"
      },
      "isRoot": false,
      "uuid": "00a2a065-7c88-4477-ab75-c3f41340086c",
      "parentUUID": "6caab2ba-744a-4bb3-a7e7-5c6e11653a96",
      "isHook": false,
      "skipped": false
    },
    {
      "title": "output PublicIPAllocationMethod must be present in mainTemplate parameters",
      "fullTitle": "createUiDefinition.json file -  output PublicIPAllocationMethod must be present in mainTemplate parameters",
      "timedOut": false,
      "duration": 1,
      "state": "failed",
      "pass": false,
      "fail": true,
      "pending": false,
      "code": "process.bind(this)(test, done);",
      "err": {
        "message": "AssertionError: expected [ Array(14) ] to include 'publicipallocationmethod'",
        "estack": "AssertionError: expected [ Array(14) ] to include 'publicipallocationmethod'\n    at Context.<anonymous> (test\\createUiDefTests.js:67:37)"
      },
      "isRoot": false,
      "uuid": "efe1a8e7-6e85-4b17-9969-c64f8d73a459",
      "parentUUID": "6caab2ba-744a-4bb3-a7e7-5c6e11653a96",
      "isHook": false,
      "skipped": false
    },
    {
      "title": "output PublicIPIdleTimeoutInMinutes must be present in mainTemplate parameters",
      "fullTitle": "createUiDefinition.json file -  output PublicIPIdleTimeoutInMinutes must be present in mainTemplate parameters",
      "timedOut": false,
      "duration": 1,
      "state": "failed",
      "pass": false,
      "fail": true,
      "pending": false,
      "code": "process.bind(this)(test, done);",
      "err": {
        "message": "AssertionError: expected [ Array(14) ] to include 'publicipidletimeoutinminutes'",
        "estack": "AssertionError: expected [ Array(14) ] to include 'publicipidletimeoutinminutes'\n    at Context.<anonymous> (test\\createUiDefTests.js:67:37)"
      },
      "isRoot": false,
      "uuid": "77c16ba4-9479-4441-81f7-4fcdbbec01c0",
      "parentUUID": "6caab2ba-744a-4bb3-a7e7-5c6e11653a96",
      "isHook": false,
      "skipped": false
    },
    {
      "title": "output PublicPort must be present in mainTemplate parameters",
      "fullTitle": "createUiDefinition.json file -  output PublicPort must be present in mainTemplate parameters",
      "timedOut": false,
      "duration": 2,
      "state": "failed",
      "pass": false,
      "fail": true,
      "pending": false,
      "code": "process.bind(this)(test, done);",
      "err": {
        "message": "AssertionError: expected [ Array(14) ] to include 'publicport'",
        "estack": "AssertionError: expected [ Array(14) ] to include 'publicport'\n    at Context.<anonymous> (test\\createUiDefTests.js:67:37)"
      },
      "isRoot": false,
      "uuid": "f9ed8dcc-1c68-4306-9a3b-5180458a26ba",
      "parentUUID": "6caab2ba-744a-4bb3-a7e7-5c6e11653a96",
      "isHook": false,
      "skipped": false
    },
    {
      "title": "output PublicPortNAT must be present in mainTemplate parameters",
      "fullTitle": "createUiDefinition.json file -  output PublicPortNAT must be present in mainTemplate parameters",
      "timedOut": false,
      "duration": 1,
      "state": "failed",
      "pass": false,
      "fail": true,
      "pending": false,
      "code": "process.bind(this)(test, done);",
      "err": {
        "message": "AssertionError: expected [ Array(14) ] to include 'publicportnat'",
        "estack": "AssertionError: expected [ Array(14) ] to include 'publicportnat'\n    at Context.<anonymous> (test\\createUiDefTests.js:67:37)"
      },
      "isRoot": false,
      "uuid": "000a6636-c630-4d73-a5cb-17eafab382f0",
      "parentUUID": "6caab2ba-744a-4bb3-a7e7-5c6e11653a96",
      "isHook": false,
      "skipped": false
    },
    {
      "title": "output PublicPortPassThruBase must be present in mainTemplate parameters",
      "fullTitle": "createUiDefinition.json file -  output PublicPortPassThruBase must be present in mainTemplate parameters",
      "timedOut": false,
      "duration": 1,
      "state": "failed",
      "pass": false,
      "fail": true,
      "pending": false,
      "code": "process.bind(this)(test, done);",
      "err": {
        "message": "AssertionError: expected [ Array(14) ] to include 'publicportpassthrubase'",
        "estack": "AssertionError: expected [ Array(14) ] to include 'publicportpassthrubase'\n    at Context.<anonymous> (test\\createUiDefTests.js:67:37)"
      },
      "isRoot": false,
      "uuid": "efe0f143-bb59-4449-a490-e0b0382e5fd6",
      "parentUUID": "6caab2ba-744a-4bb3-a7e7-5c6e11653a96",
      "isHook": false,
      "skipped": false
    },
    {
      "title": "output PublicPortPassThruTarget must be present in mainTemplate parameters",
      "fullTitle": "createUiDefinition.json file -  output PublicPortPassThruTarget must be present in mainTemplate parameters",
      "timedOut": false,
      "duration": 0,
      "state": "failed",
      "pass": false,
      "fail": true,
      "pending": false,
      "code": "process.bind(this)(test, done);",
      "err": {
        "message": "AssertionError: expected [ Array(14) ] to include 'publicportpassthrutarget'",
        "estack": "AssertionError: expected [ Array(14) ] to include 'publicportpassthrutarget'\n    at Context.<anonymous> (test\\createUiDefTests.js:67:37)"
      },
      "isRoot": false,
      "uuid": "f3583b41-e71b-452a-99b8-8ac5a03665ad",
      "parentUUID": "6caab2ba-744a-4bb3-a7e7-5c6e11653a96",
      "isHook": false,
      "skipped": false
    },
    {
      "title": "output LBProbePort must be present in mainTemplate parameters",
      "fullTitle": "createUiDefinition.json file -  output LBProbePort must be present in mainTemplate parameters",
      "timedOut": false,
      "duration": 1,
      "state": "failed",
      "pass": false,
      "fail": true,
      "pending": false,
      "code": "process.bind(this)(test, done);",
      "err": {
        "message": "AssertionError: expected [ Array(14) ] to include 'lbprobeport'",
        "estack": "AssertionError: expected [ Array(14) ] to include 'lbprobeport'\n    at Context.<anonymous> (test\\createUiDefTests.js:67:37)"
      },
      "isRoot": false,
      "uuid": "9f92c557-0c21-4c71-953c-0e59f310ff01",
      "parentUUID": "6caab2ba-744a-4bb3-a7e7-5c6e11653a96",
      "isHook": false,
      "skipped": false
    },
    {
      "title": "output dataDiskCount must be present in mainTemplate parameters",
      "fullTitle": "createUiDefinition.json file -  output dataDiskCount must be present in mainTemplate parameters",
      "timedOut": false,
      "duration": 0,
      "state": "failed",
      "pass": false,
      "fail": true,
      "pending": false,
      "code": "process.bind(this)(test, done);",
      "err": {
        "message": "AssertionError: expected [ Array(14) ] to include 'datadiskcount'",
        "estack": "AssertionError: expected [ Array(14) ] to include 'datadiskcount'\n    at Context.<anonymous> (test\\createUiDefTests.js:67:37)"
      },
      "isRoot": false,
      "uuid": "da21332d-45b5-479b-b6d8-f5db1109d33c",
      "parentUUID": "6caab2ba-744a-4bb3-a7e7-5c6e11653a96",
      "isHook": false,
      "skipped": false
    },
    {
      "title": "output dataDiskSizeGB must be present in mainTemplate parameters",
      "fullTitle": "createUiDefinition.json file -  output dataDiskSizeGB must be present in mainTemplate parameters",
      "timedOut": false,
      "duration": 0,
      "state": "failed",
      "pass": false,
      "fail": true,
      "pending": false,
      "code": "process.bind(this)(test, done);",
      "err": {
        "message": "AssertionError: expected [ Array(14) ] to include 'datadisksizegb'",
        "estack": "AssertionError: expected [ Array(14) ] to include 'datadisksizegb'\n    at Context.<anonymous> (test\\createUiDefTests.js:67:37)"
      },
      "isRoot": false,
      "uuid": "25fde304-52c4-4288-a24f-559c94bfa20e",
      "parentUUID": "6caab2ba-744a-4bb3-a7e7-5c6e11653a96",
      "isHook": false,
      "skipped": false
    },
    {
      "title": "output storageTypeForOSDisks must be present in mainTemplate parameters",
      "fullTitle": "createUiDefinition.json file -  output storageTypeForOSDisks must be present in mainTemplate parameters",
      "timedOut": false,
      "duration": 1,
      "state": "failed",
      "pass": false,
      "fail": true,
      "pending": false,
      "code": "process.bind(this)(test, done);",
      "err": {
        "message": "AssertionError: expected [ Array(14) ] to include 'storagetypeforosdisks'",
        "estack": "AssertionError: expected [ Array(14) ] to include 'storagetypeforosdisks'\n    at Context.<anonymous> (test\\createUiDefTests.js:67:37)"
      },
      "isRoot": false,
      "uuid": "0bc84c9f-c82f-41d8-a0ca-20bc6e793e28",
      "parentUUID": "6caab2ba-744a-4bb3-a7e7-5c6e11653a96",
      "isHook": false,
      "skipped": false
    },
    {
      "title": "output storageTypeForDataDisks must be present in mainTemplate parameters",
      "fullTitle": "createUiDefinition.json file -  output storageTypeForDataDisks must be present in mainTemplate parameters",
      "timedOut": false,
      "duration": 0,
      "state": "failed",
      "pass": false,
      "fail": true,
      "pending": false,
      "code": "process.bind(this)(test, done);",
      "err": {
        "message": "AssertionError: expected [ Array(14) ] to include 'storagetypefordatadisks'",
        "estack": "AssertionError: expected [ Array(14) ] to include 'storagetypefordatadisks'\n    at Context.<anonymous> (test\\createUiDefTests.js:67:37)"
      },
      "isRoot": false,
      "uuid": "ca633f2f-55a1-4404-ab0c-4c6bcdb1625b",
      "parentUUID": "6caab2ba-744a-4bb3-a7e7-5c6e11653a96",
      "isHook": false,
      "skipped": false
    },
    {
      "title": "location must be in outputs, and should match [location()]",
      "fullTitle": "createUiDefinition.json file -  location must be in outputs, and should match [location()]",
      "timedOut": false,
      "duration": 0,
      "state": "failed",
      "pass": false,
      "fail": true,
      "pending": false,
      "code": "createUiDefFileJSONObject.parameters.outputs.should.withMessage('location property missing in outputs').have.property('location');\ncreateUiDefFileJSONObject.parameters.outputs.location.toLowerCase().should.withMessage('location value should be [location()]').be.eql('[location()]');",
      "err": {
        "message": "AssertionError: location property missing in outputs: expected { Object (Location, ClusterNamePrefix, ...) } to have property 'location'",
        "estack": "AssertionError: location property missing in outputs: expected { Object (Location, ClusterNamePrefix, ...) } to have property 'location'\n    at Context.it (test\\createUiDefTests.js:90:118)"
      },
      "isRoot": false,
      "uuid": "716c7eec-cce1-4946-9e01-c1f5630eb7cf",
      "parentUUID": "6caab2ba-744a-4bb3-a7e7-5c6e11653a96",
      "isHook": false,
      "skipped": false
    },
    {
      "title": "parameter machineName that does not have a defaultValue in file mainTemplate.json, must have a corresponding output in createUiDefinition.json",
      "fullTitle": "parameters tests -  parameter machineName that does not have a defaultValue in file mainTemplate.json, must have a corresponding output in createUiDefinition.json",
      "timedOut": false,
      "duration": 1,
      "state": "failed",
      "pass": false,
      "fail": true,
      "pending": false,
      "code": "process.bind(this)(test, done);",
      "err": {
        "message": "AssertionError: in file:mainTemplate.json, outputs in createUiDefinition is missing the parameter machineName: expected [ Array(28) ] to include 'machinename'",
        "estack": "AssertionError: in file:mainTemplate.json, outputs in createUiDefinition is missing the parameter machineName: expected [ Array(28) ] to include 'machinename'\n    at Context.<anonymous> (test\\mainTemplateTests.js:60:153)"
      },
      "isRoot": false,
      "uuid": "7f01bc85-b150-48f8-85be-5a4a734e4981",
      "parentUUID": "baa0076b-eae1-4460-b5e9-17f905651955",
      "isHook": false,
      "skipped": false
    },
    {
      "title": "parameter adminPassword that does not have a defaultValue in file mainTemplate.json, must have a corresponding output in createUiDefinition.json",
      "fullTitle": "parameters tests -  parameter adminPassword that does not have a defaultValue in file mainTemplate.json, must have a corresponding output in createUiDefinition.json",
      "timedOut": false,
      "duration": 0,
      "state": "failed",
      "pass": false,
      "fail": true,
      "pending": false,
      "code": "process.bind(this)(test, done);",
      "err": {
        "message": "AssertionError: in file:mainTemplate.json, outputs in createUiDefinition is missing the parameter adminPassword: expected [ Array(28) ] to include 'adminpassword'",
        "estack": "AssertionError: in file:mainTemplate.json, outputs in createUiDefinition is missing the parameter adminPassword: expected [ Array(28) ] to include 'adminpassword'\n    at Context.<anonymous> (test\\mainTemplateTests.js:60:153)"
      },
      "isRoot": false,
      "uuid": "1ed74526-293b-47d5-a137-13536db8710d",
      "parentUUID": "baa0076b-eae1-4460-b5e9-17f905651955",
      "isHook": false,
      "skipped": false
    },
    {
      "title": "parameter vNetExistingRG that does not have a defaultValue in file mainTemplate.json, must have a corresponding output in createUiDefinition.json",
      "fullTitle": "parameters tests -  parameter vNetExistingRG that does not have a defaultValue in file mainTemplate.json, must have a corresponding output in createUiDefinition.json",
      "timedOut": false,
      "duration": 1,
      "state": "failed",
      "pass": false,
      "fail": true,
      "pending": false,
      "code": "process.bind(this)(test, done);",
      "err": {
        "message": "AssertionError: in file:mainTemplate.json, outputs in createUiDefinition is missing the parameter vNetExistingRG: expected [ Array(28) ] to include 'vnetexistingrg'",
        "estack": "AssertionError: in file:mainTemplate.json, outputs in createUiDefinition is missing the parameter vNetExistingRG: expected [ Array(28) ] to include 'vnetexistingrg'\n    at Context.<anonymous> (test\\mainTemplateTests.js:60:153)"
      },
      "isRoot": false,
      "uuid": "e1feb4fc-16f2-4ed2-9687-4a5af98e46cb",
      "parentUUID": "baa0076b-eae1-4460-b5e9-17f905651955",
      "isHook": false,
      "skipped": false
    },
    {
      "title": "parameter dnsNameForPublicIP that does not have a defaultValue in file mainTemplate.json, must have a corresponding output in createUiDefinition.json",
      "fullTitle": "parameters tests -  parameter dnsNameForPublicIP that does not have a defaultValue in file mainTemplate.json, must have a corresponding output in createUiDefinition.json",
      "timedOut": false,
      "duration": 1,
      "state": "failed",
      "pass": false,
      "fail": true,
      "pending": false,
      "code": "process.bind(this)(test, done);",
      "err": {
        "message": "AssertionError: in file:mainTemplate.json, outputs in createUiDefinition is missing the parameter dnsNameForPublicIP: expected [ Array(28) ] to include 'dnsnameforpublicip'",
        "estack": "AssertionError: in file:mainTemplate.json, outputs in createUiDefinition is missing the parameter dnsNameForPublicIP: expected [ Array(28) ] to include 'dnsnameforpublicip'\n    at Context.<anonymous> (test\\mainTemplateTests.js:60:153)"
      },
      "isRoot": false,
      "uuid": "c0d6def1-ab7e-4f33-9110-07e8e86fbbb4",
      "parentUUID": "baa0076b-eae1-4460-b5e9-17f905651955",
      "isHook": false,
      "skipped": false
    },
    {
      "title": "parameter licensekey that does not have a defaultValue in file mainTemplate.json, must have a corresponding output in createUiDefinition.json",
      "fullTitle": "parameters tests -  parameter licensekey that does not have a defaultValue in file mainTemplate.json, must have a corresponding output in createUiDefinition.json",
      "timedOut": false,
      "duration": 0,
      "state": "failed",
      "pass": false,
      "fail": true,
      "pending": false,
      "code": "process.bind(this)(test, done);",
      "err": {
        "message": "AssertionError: in file:mainTemplate.json, outputs in createUiDefinition is missing the parameter licensekey: expected [ Array(28) ] to include 'licensekey'",
        "estack": "AssertionError: in file:mainTemplate.json, outputs in createUiDefinition is missing the parameter licensekey: expected [ Array(28) ] to include 'licensekey'\n    at Context.<anonymous> (test\\mainTemplateTests.js:60:153)"
      },
      "isRoot": false,
      "uuid": "50748e52-bcc6-4d79-9339-19ab8dae6534",
      "parentUUID": "baa0076b-eae1-4460-b5e9-17f905651955",
      "isHook": false,
      "skipped": false
    }
  ],
  "copyrightYear": 2018
}